<?xml version="1.0" encoding="UTF-8"?>
<!-- Generated by org.testng.reporters.JUnitXMLReporter -->
<testsuite ignored="0" hostname="LAPTOP-871LKGL0" failures="0" tests="4" name="Default test" time="53.737" errors="0" timestamp="2025-12-15T12:58:11 IST">
  <testcase classname="testCases.LoginTestCase" name="LoginTest1" time="5.332"/>
  <testcase classname="testCases.LoginTestCase" name="LoginTest1" time="4.846"/>
  <testcase classname="testCases.LoginTestCase" name="LoginTest1" time="4.148"/>
  <testcase classname="testCases.LoginTestCase" name="LoginTest1" time="4.687"/>
</testsuite> <!-- Default test -->
