<?xml version="1.0" encoding="UTF-8"?>
<!-- Generated by org.testng.reporters.JUnitXMLReporter -->
<testsuite ignored="0" hostname="LAPTOP-871LKGL0" failures="0" tests="5" name="tests-1" time="84.846" errors="0" timestamp="2025-12-15T13:00:22 IST">
  <testcase classname="testCases.LoginTestCase" name="LoginTest1" time="8.305"/>
  <testcase classname="testCases.LoginTestCase" name="LoginTest1" time="4.881"/>
  <testcase classname="testCases.AccountRegistrationTestCase" name="registeringUser" time="33.207"/>
  <testcase classname="testCases.LoginTestCase" name="LoginTest1" time="12.339"/>
  <testcase classname="testCases.LoginTestCase" name="LoginTest1" time="7.612"/>
</testsuite> <!-- tests-1 -->
