<?xml version="1.0" encoding="UTF-8"?>
<!-- Generated by org.testng.reporters.JUnitXMLReporter -->
<testsuite ignored="0" hostname="LAPTOP-871LKGL0" failures="0" tests="4" name="tests-1" time="652.038" errors="0" timestamp="2025-12-28T15:52:47 IST">
  <testcase classname="testCases.LoginTestCase" name="LoginTest1" time="7.346"/>
  <testcase classname="testCases.LoginTestCase" name="LoginTest1" time="5.077"/>
  <testcase classname="testCases.LoginTestCase" name="LoginTest1" time="300.591"/>
  <testcase classname="testCases.LoginTestCase" name="LoginTest1" time="303.7"/>
</testsuite> <!-- tests-1 -->
