<?xml version="1.0" encoding="UTF-8"?>
<testsuite xmlns:xsi="http://www.w3.org/2001/XMLSchema-instance" xsi:noNamespaceSchemaLocation="https://maven.apache.org/surefire/maven-surefire-plugin/xsd/surefire-test-report.xsd" version="3.0.2" name="TestSuite" time="659.776" tests="4" errors="0" skipped="0" failures="0">
  <properties>
[...]
</properties>
  <testcase name="LoginTest1[{Expected=Valid, Email=johnny99009@abc.com, Password=!@#POa}](1)" classname="testCases.LoginTestCase" time="7.537">
    <system-out><![CDATA[[INFO ] 2025-12-28 15:42:26.188 [TestNG-test-tests-1-1] HomePage - Clicked on my account 
[INFO ] 2025-12-28 15:42:27.117 [TestNG-test-tests-1-1] HomePage - Clicked on  login
[INFO ] 2025-12-28 15:42:27.728 [TestNG-test-tests-1-1] Login - Entered valuejohnny99009@abc.com in field email
[INFO ] 2025-12-28 15:42:28.017 [TestNG-test-tests-1-1] Login - Entered value!@#POa in field Password
[INFO ] 2025-12-28 15:42:29.632 [TestNG-test-tests-1-1] Login - Clicked on login button
[INFO ] 2025-12-28 15:42:30.445 [TestNG-test-tests-1-1] Login - Clicked on my account 
[INFO ] 2025-12-28 15:42:32.808 [TestNG-test-tests-1-1] Login - Clicked on  logout
]]></system-out>
    <system-err><![CDATA[SLF4J(W): No SLF4J providers were found.
SLF4J(W): Defaulting to no-operation (NOP) logger implementation
SLF4J(W): See https://www.slf4j.org/codes.html#noProviders for further details.
Dec 28, 2025 3:42:16 PM org.openqa.selenium.devtools.CdpVersionFinder findNearestMatch
WARNING: Unable to find an exact match for CDP version 143, returning the closest version; found: 142; Please update to a Selenium version that supports CDP version 143
]]></system-err>
  </testcase>
  <testcase name="LoginTest1[{Expected=Invalid Password, Email=johnny99009@abc.com, Password=skhfvb}](2)" classname="testCases.LoginTestCase" time="5.061">
    <system-out><![CDATA[[INFO ] 2025-12-28 15:42:33.387 [TestNG-test-tests-1-1] HomePage - Clicked on my account 
[INFO ] 2025-12-28 15:42:34.306 [TestNG-test-tests-1-1] HomePage - Clicked on  login
[ERROR] 2025-12-28 15:42:38.072 [TestNG-test-tests-1-1] Login - Could not enter into field org.openqa.selenium.NoSuchSessionException: invalid session id: session deleted as the browser has closed the connection
from disconnected: unable to send message to renderer
  (Session info: chrome=143.0.7499.148)
Build info: version: '4.38.0', revision: '6b412e825c*'
System info: os.name: 'Windows 11', os.arch: 'amd64', os.version: '10.0', java.version: '21.0.6'
Driver info: org.openqa.selenium.chrome.ChromeDriver
Command: [072c37dc41b102eac8365261ad05780c, sendKeysToElement {id=f.CDECFD19BFF1875C2C1B02481F8A92C8.d.0260ECD06F37FFFB5A3DCDB3F321B164.e.128, value=[Ljava.lang.CharSequence;@4847a51a}]
Capabilities {acceptInsecureCerts: false, browserName: chrome, browserVersion: 143.0.7499.148, chrome: {chromedriverVersion: 143.0.7499.169 (164b20aab62..., userDataDir: C:\Users\ejazh\AppData\Loca...}, fedcm:accounts: true, goog:chromeOptions: {debuggerAddress: localhost:52371}, goog:processID: 11712, networkConnectionEnabled: false, pageLoadStrategy: normal, platformName: windows, proxy: Proxy(), se:cdp: ws://localhost:52371/devtoo..., se:cdpVersion: 143.0.7499.148, setWindowRect: true, strictFileInteractability: false, timeouts: {implicit: 0, pageLoad: 300000, script: 30000}, unhandledPromptBehavior: dismiss and notify, webauthn:extension:credBlob: true, webauthn:extension:largeBlob: true, webauthn:extension:minPinLength: true, webauthn:extension:prf: true, webauthn:virtualAuthenticators: true}
Element: [[ChromeDriver: chrome on windows (072c37dc41b102eac8365261ad05780c)] -> xpath: //div/descendant::input[@name='email']]
Session ID: 072c37dc41b102eac8365261ad05780c
]]></system-out>
  </testcase>
  <testcase name="LoginTest1[{Expected=Invalid Email, Email=sdh, Password=!@#POa}](3)" classname="testCases.LoginTestCase" time="303.064">
    <system-out><![CDATA[[ERROR] 2025-12-28 15:47:38.481 [TestNG-test-tests-1-1] HomePage - Could not click on my account  org.openqa.selenium.NoSuchSessionException: invalid session id
Build info: version: '4.38.0', revision: '6b412e825c*'
System info: os.name: 'Windows 11', os.arch: 'amd64', os.version: '10.0', java.version: '21.0.6'
Driver info: org.openqa.selenium.chrome.ChromeDriver
Command: [072c37dc41b102eac8365261ad05780c, findElement {using=xpath, value=//i/following::span[text()='My Account']}]
Capabilities {acceptInsecureCerts: false, browserName: chrome, browserVersion: 143.0.7499.148, chrome: {chromedriverVersion: 143.0.7499.169 (164b20aab62..., userDataDir: C:\Users\ejazh\AppData\Loca...}, fedcm:accounts: true, goog:chromeOptions: {debuggerAddress: localhost:52371}, goog:processID: 11712, networkConnectionEnabled: false, pageLoadStrategy: normal, platformName: windows, proxy: Proxy(), se:cdp: ws://localhost:52371/devtoo..., se:cdpVersion: 143.0.7499.148, setWindowRect: true, strictFileInteractability: false, timeouts: {implicit: 0, pageLoad: 300000, script: 30000}, unhandledPromptBehavior: dismiss and notify, webauthn:extension:credBlob: true, webauthn:extension:largeBlob: true, webauthn:extension:minPinLength: true, webauthn:extension:prf: true, webauthn:virtualAuthenticators: true}
Session ID: 072c37dc41b102eac8365261ad05780c
]]></system-out>
  </testcase>
  <testcase name="LoginTest1[{Expected=Valid, Email=AlexJones123@abc.com, Password=1234567}](4)" classname="testCases.LoginTestCase" time="303.344">
    <system-out><![CDATA[[ERROR] 2025-12-28 15:52:44.430 [TestNG-test-tests-1-1] HomePage - Could not click on my account  org.openqa.selenium.NoSuchSessionException: invalid session id
Build info: version: '4.38.0', revision: '6b412e825c*'
System info: os.name: 'Windows 11', os.arch: 'amd64', os.version: '10.0', java.version: '21.0.6'
Driver info: org.openqa.selenium.chrome.ChromeDriver
Command: [072c37dc41b102eac8365261ad05780c, findElement {using=xpath, value=//i/following::span[text()='My Account']}]
Capabilities {acceptInsecureCerts: false, browserName: chrome, browserVersion: 143.0.7499.148, chrome: {chromedriverVersion: 143.0.7499.169 (164b20aab62..., userDataDir: C:\Users\ejazh\AppData\Loca...}, fedcm:accounts: true, goog:chromeOptions: {debuggerAddress: localhost:52371}, goog:processID: 11712, networkConnectionEnabled: false, pageLoadStrategy: normal, platformName: windows, proxy: Proxy(), se:cdp: ws://localhost:52371/devtoo..., se:cdpVersion: 143.0.7499.148, setWindowRect: true, strictFileInteractability: false, timeouts: {implicit: 0, pageLoad: 300000, script: 30000}, unhandledPromptBehavior: dismiss and notify, webauthn:extension:credBlob: true, webauthn:extension:largeBlob: true, webauthn:extension:minPinLength: true, webauthn:extension:prf: true, webauthn:virtualAuthenticators: true}
Session ID: 072c37dc41b102eac8365261ad05780c
]]></system-out>
  </testcase>
</testsuite>