<?xml version="1.0" encoding="UTF-8"?>
<testng-results ignored="0" total="4" passed="4" failed="0" skipped="0">
  <reporter-output>
  </reporter-output>
  <suite started-at="2025-12-28T15:41:52 IST" name="Suite" finished-at="2025-12-28T15:52:44 IST" duration-ms="652038">
    <groups>
    </groups>
    <test started-at="2025-12-28T15:41:52 IST" name="tests-1" finished-at="2025-12-28T15:52:44 IST" duration-ms="652038">
      <class name="testCases.LoginTestCase">
        <test-method is-config="true" signature="setUp()[pri:0, instance:testCases.LoginTestCase@5b8dfcc1]" started-at="2025-12-28T15:41:54 IST" name="setUp" finished-at="2025-12-28T15:42:20 IST" duration-ms="26420" status="PASS">
          <reporter-output>
          </reporter-output>
        </test-method> <!-- setUp -->
        <test-method signature="LoginTest1(java.util.HashMap)[pri:0, instance:testCases.LoginTestCase@5b8dfcc1]" started-at="2025-12-28T15:42:25 IST" name="LoginTest1" data-provider="DataProviderForLogin" finished-at="2025-12-28T15:42:32 IST" duration-ms="7346" status="PASS">
          <params>
            <param index="0">
              <value>
                <![CDATA[{Expected=Valid, Email=johnny99009@abc.com, Password=!@#POa}]]>
              </value>
            </param>
          </params>
          <reporter-output>
          </reporter-output>
        </test-method> <!-- LoginTest1 -->
        <test-method signature="LoginTest1(java.util.HashMap)[pri:0, instance:testCases.LoginTestCase@5b8dfcc1]" started-at="2025-12-28T15:42:32 IST" name="LoginTest1" data-provider="DataProviderForLogin" finished-at="2025-12-28T15:42:38 IST" duration-ms="5077" status="PASS">
          <params>
            <param index="0">
              <value>
                <![CDATA[{Expected=Invalid Password, Email=johnny99009@abc.com, Password=skhfvb}]]>
              </value>
            </param>
          </params>
          <reporter-output>
          </reporter-output>
        </test-method> <!-- LoginTest1 -->
        <test-method signature="LoginTest1(java.util.HashMap)[pri:0, instance:testCases.LoginTestCase@5b8dfcc1]" started-at="2025-12-28T15:42:38 IST" name="LoginTest1" data-provider="DataProviderForLogin" finished-at="2025-12-28T15:47:38 IST" duration-ms="300591" status="PASS">
          <params>
            <param index="0">
              <value>
                <![CDATA[{Expected=Invalid Email, Email=sdh, Password=!@#POa}]]>
              </value>
            </param>
          </params>
          <reporter-output>
          </reporter-output>
        </test-method> <!-- LoginTest1 -->
        <test-method signature="LoginTest1(java.util.HashMap)[pri:0, instance:testCases.LoginTestCase@5b8dfcc1]" started-at="2025-12-28T15:47:40 IST" name="LoginTest1" data-provider="DataProviderForLogin" finished-at="2025-12-28T15:52:44 IST" duration-ms="303700" status="PASS">
          <params>
            <param index="0">
              <value>
                <![CDATA[{Expected=Valid, Email=AlexJones123@abc.com, Password=1234567}]]>
              </value>
            </param>
          </params>
          <reporter-output>
          </reporter-output>
        </test-method> <!-- LoginTest1 -->
        <test-method is-config="true" signature="breakDown()[pri:0, instance:testCases.LoginTestCase@5b8dfcc1]" started-at="2025-12-28T15:52:44 IST" name="breakDown" finished-at="2025-12-28T15:52:44 IST" duration-ms="237" status="PASS">
          <reporter-output>
          </reporter-output>
        </test-method> <!-- breakDown -->
      </class> <!-- testCases.LoginTestCase -->
    </test> <!-- tests-1 -->
  </suite> <!-- Suite -->
</testng-results>
