<?xml version="1.0" encoding="UTF-8"?>
<testng-results ignored="0" total="4" passed="4" failed="0" skipped="0">
  <reporter-output>
  </reporter-output>
  <suite started-at="2025-12-25T21:01:54 IST" name="Default suite" finished-at="2025-12-25T21:05:59 IST" duration-ms="244910">
    <groups>
    </groups>
    <test started-at="2025-12-25T21:01:54 IST" name="Default test" finished-at="2025-12-25T21:05:59 IST" duration-ms="244910">
      <class name="testCases.LoginTestCase">
        <test-method is-config="true" signature="setUp()[pri:0, instance:testCases.LoginTestCase@4b2bac3f]" started-at="2025-12-25T21:01:54 IST" name="setUp" finished-at="2025-12-25T21:04:55 IST" duration-ms="180242" status="PASS">
          <reporter-output>
          </reporter-output>
        </test-method> <!-- setUp -->
        <test-method signature="LoginTest1(java.util.HashMap)[pri:0, instance:testCases.LoginTestCase@4b2bac3f]" started-at="2025-12-25T21:05:03 IST" name="LoginTest1" data-provider="DataProviderForLogin" finished-at="2025-12-25T21:05:25 IST" duration-ms="21097" status="PASS">
          <params>
            <param index="0">
              <value>
                <![CDATA[{Expected=Valid, Email=johnny99009@abc.com, Password=!@#POa}]]>
              </value>
            </param>
          </params>
          <reporter-output>
          </reporter-output>
        </test-method> <!-- LoginTest1 -->
        <test-method signature="LoginTest1(java.util.HashMap)[pri:0, instance:testCases.LoginTestCase@4b2bac3f]" started-at="2025-12-25T21:05:26 IST" name="LoginTest1" data-provider="DataProviderForLogin" finished-at="2025-12-25T21:05:38 IST" duration-ms="12807" status="PASS">
          <params>
            <param index="0">
              <value>
                <![CDATA[{Expected=Invalid Password, Email=johnny99009@abc.com, Password=skhfvb}]]>
              </value>
            </param>
          </params>
          <reporter-output>
          </reporter-output>
        </test-method> <!-- LoginTest1 -->
        <test-method signature="LoginTest1(java.util.HashMap)[pri:0, instance:testCases.LoginTestCase@4b2bac3f]" started-at="2025-12-25T21:05:38 IST" name="LoginTest1" data-provider="DataProviderForLogin" finished-at="2025-12-25T21:05:45 IST" duration-ms="6748" status="PASS">
          <params>
            <param index="0">
              <value>
                <![CDATA[{Expected=Invalid Email, Email=sdh, Password=!@#POa}]]>
              </value>
            </param>
          </params>
          <reporter-output>
          </reporter-output>
        </test-method> <!-- LoginTest1 -->
        <test-method signature="LoginTest1(java.util.HashMap)[pri:0, instance:testCases.LoginTestCase@4b2bac3f]" started-at="2025-12-25T21:05:45 IST" name="LoginTest1" data-provider="DataProviderForLogin" finished-at="2025-12-25T21:05:57 IST" duration-ms="12185" status="PASS">
          <params>
            <param index="0">
              <value>
                <![CDATA[{Expected=Valid, Email=AlexJones123@abc.com, Password=1234567}]]>
              </value>
            </param>
          </params>
          <reporter-output>
          </reporter-output>
        </test-method> <!-- LoginTest1 -->
        <test-method is-config="true" signature="breakDown()[pri:0, instance:testCases.LoginTestCase@4b2bac3f]" started-at="2025-12-25T21:05:58 IST" name="breakDown" finished-at="2025-12-25T21:05:59 IST" duration-ms="1610" status="PASS">
          <reporter-output>
          </reporter-output>
        </test-method> <!-- breakDown -->
      </class> <!-- testCases.LoginTestCase -->
    </test> <!-- Default test -->
  </suite> <!-- Default suite -->
</testng-results>
