<?xml version="1.0" encoding="UTF-8"?>
<!-- Generated by org.testng.reporters.JUnitReportReporter -->
<testsuite hostname="iEjaz" failures="0" tests="4" name="testCases.LoginTestCase" time="904.456" errors="0" timestamp="2026-07-27T11:23:25 IST" skipped="0">
  <testcase classname="testCases.LoginTestCase" name="LoginTest1" time="300.740"/>
  <testcase classname="testCases.LoginTestCase" name="LoginTest1" time="2.159"/>
  <testcase classname="testCases.LoginTestCase" name="LoginTest1" time="300.789"/>
  <testcase classname="testCases.LoginTestCase" name="LoginTest1" time="300.768"/>
</testsuite> <!-- testCases.LoginTestCase -->
