<?xml version="1.0" encoding="UTF-8"?>
<!-- Generated by org.testng.reporters.JUnitReportReporter -->
<testsuite hostname="LAPTOP-871LKGL0" failures="0" tests="4" name="testCases.LoginTestCase" time="52.837" errors="0" timestamp="2025-12-25T21:06:01 IST" skipped="0">
  <testcase classname="testCases.LoginTestCase" name="LoginTest1" time="12.807"/>
  <testcase classname="testCases.LoginTestCase" name="LoginTest1" time="6.748"/>
  <testcase classname="testCases.LoginTestCase" name="LoginTest1" time="21.097"/>
  <testcase classname="testCases.LoginTestCase" name="LoginTest1" time="12.185"/>
</testsuite> <!-- testCases.LoginTestCase -->
