<?xml version="1.0" encoding="UTF-8"?>
<!-- Generated by org.testng.reporters.JUnitReportReporter -->
<testsuite hostname="LAPTOP-871LKGL0" failures="0" tests="4" name="testCases.LoginTestCase" time="616.714" errors="0" timestamp="2025-12-28T15:52:50 IST" skipped="0">
  <testcase classname="testCases.LoginTestCase" name="LoginTest1" time="5.077"/>
  <testcase classname="testCases.LoginTestCase" name="LoginTest1" time="303.700"/>
  <testcase classname="testCases.LoginTestCase" name="LoginTest1" time="300.591"/>
  <testcase classname="testCases.LoginTestCase" name="LoginTest1" time="7.346"/>
</testsuite> <!-- testCases.LoginTestCase -->
